build/app/outputs/mapping/release/mapping.txt
# compiler: R8
# compiler_version: 1.5.64
# min_api: 16
# pg_map_id: f39384e
com.example.the_strange_chat.MainActivity -> com.example.the_strange_chat.MainActivity:
    void configureFlutterEngine(io.flutter.embedding.engine.FlutterEngine) -> b
...
com.google.android.gms.tasks.zze -> b.a.a.a.h.n:
    com.google.android.gms.tasks.zzu zzf -> c
    java.util.concurrent.Executor zzd -> a
    com.google.android.gms.tasks.Continuation zze -> b
    void onCanceled() -> a
    void onComplete(com.google.android.gms.tasks.Task) -> a
    void onFailure(java.lang.Exception) -> a
    void onSuccess(java.lang.Object) -> a
    com.google.android.gms.tasks.Continuation zza(com.google.android.gms.tasks.zze) -> a
    com.google.android.gms.tasks.zzu zzb(com.google.android.gms.tasks.zze) -> b
com.google.android.gms.tasks.zzf -> b.a.a.a.h.o:
    com.google.android.gms.tasks.zze zzi -> c
    com.google.android.gms.tasks.Task zzg -> b
com.google.android.gms.tasks.zzg -> b.a.a.a.h.p:
    java.util.concurrent.Executor zzd -> a
    java.lang.Object mLock -> b
    com.google.android.gms.tasks.OnCanceledListener zzj -> c
    void onComplete(com.google.android.gms.tasks.Task) -> a
    java.lang.Object zza(com.google.android.gms.tasks.zzg) -> a
    com.google.android.gms.tasks.OnCanceledListener zzb(com.google.android.gms.tasks.zzg) -> b
com.google.android.gms.tasks.zzh -> b.a.a.a.h.q:
    com.google.android.gms.tasks.zzg zzk -> b
com.google.android.gms.tasks.zzi -> b.a.a.a.h.r:
    java.util.concurrent.Executor zzd -> a
    java.lang.Object mLock -> b
    com.google.android.gms.tasks.OnCompleteListener zzl -> c
    void onComplete(com.google.android.gms.tasks.Task) -> a
    java.lang.Object zza(com.google.android.gms.tasks.zzi) -> a
    com.google.android.gms.tasks.OnCompleteListener zzb(com.google.android.gms.tasks.zzi) -> b
com.google.android.gms.tasks.zzj -> b.a.a.a.h.s:
    com.google.android.gms.tasks.zzi zzm -> c
    com.google.android.gms.tasks.Task zzg -> b
com.google.android.gms.tasks.zzk -> b.a.a.a.h.t:
    java.util.concurrent.Executor zzd -> a
    com.google.android.gms.tasks.OnFailureListener zzn -> c
    java.lang.Object mLock -> b
    void onComplete(com.google.android.gms.tasks.Task) -> a
    java.lang.Object zza(com.google.android.gms.tasks.zzk) -> a
    com.google.android.gms.tasks.OnFailureListener zzb(com.google.android.gms.tasks.zzk) -> b
com.google.android.gms.tasks.zzl -> b.a.a.a.h.u:
    com.google.android.gms.tasks.Task zzg -> b
    com.google.android.gms.tasks.zzk zzo -> c
com.google.android.gms.tasks.zzm -> b.a.a.a.h.v:
    java.util.concurrent.Executor zzd -> a
    java.lang.Object mLock -> b
    com.google.android.gms.tasks.OnSuccessListener zzp -> c
    void onComplete(com.google.android.gms.tasks.Task) -> a
    java.lang.Object zza(com.google.android.gms.tasks.zzm) -> a
    com.google.android.gms.tasks.OnSuccessListener zzb(com.google.android.gms.tasks.zzm) -> b
com.google.android.gms.tasks.zzn -> b.a.a.a.h.w:
    com.google.android.gms.tasks.Task zzg -> b
    com.google.android.gms.tasks.zzm zzq -> c
com.google.android.gms.tasks.zzo -> b.a.a.a.h.x:
    com.google.android.gms.tasks.zzu zzf -> c
    java.util.concurrent.Executor zzd -> a
    com.google.android.gms.tasks.SuccessContinuation zzr -> b
    void onCanceled() -> a
    void onComplete(com.google.android.gms.tasks.Task) -> a
    void onFailure(java.lang.Exception) -> a
    void onSuccess(java.lang.Object) -> a
    com.google.android.gms.tasks.SuccessContinuation zza(com.google.android.gms.tasks.zzo) -> a
com.google.android.gms.tasks.zzp -> b.a.a.a.h.y:
    com.google.android.gms.tasks.Task zzg -> b
    com.google.android.gms.tasks.zzo zzs -> c
com.google.android.gms.tasks.zzq -> b.a.a.a.h.z:
    void onComplete(com.google.android.gms.tasks.Task) -> a
com.google.android.gms.tasks.zzr -> b.a.a.a.h.a0:
    java.util.Queue zzt -> b
    java.lang.Object mLock -> a
    boolean zzu -> c
    void zza(com.google.android.gms.tasks.Task) -> a
    void zza(com.google.android.gms.tasks.zzq) -> a
com.google.android.gms.tasks.zzt -> b.a.a.a.h.b0: